[2022-10-12T21:09:53.875329+00:00] my_log.ERROR: error [] []
[2022-10-12T21:15:38.542406+00:00] my_log.ERROR: info [] []
[2022-10-12T21:16:52.839517+00:00] my_log.ERROR: debug [] []
[2022-10-12T21:17:21.713703+00:00] my_log.ERROR: alert [] []
[2022-10-12T21:21:09.507915+00:00] my_log.ERROR: error [] []
[2022-10-12T21:21:41.385403+00:00] my_log.ERROR: error [] []
[2022-10-12T21:24:32.934346+00:00] my_log.ERROR: error [] []
[2022-10-12T21:25:37.444781+00:00] my_log.ERROR: error [] []
[2022-10-12T21:25:37.452503+00:00] my_log.ERROR: info [] []
[2022-10-12T21:27:27.644315+00:00] my_log.ERROR: error [] []
[2022-10-12T21:29:27.412943+00:00] my_log.ERROR: error [] []
[2022-10-12T21:29:45.921402+00:00] my_log.ERROR: error [] []
[2022-10-12T21:30:17.362788+00:00] my_log.ERROR: error [] []
[2022-10-12T21:30:17.371320+00:00] my_log.INFO: info [] []
[2022-10-12T21:30:17.371993+00:00] my_log.WARNING: warning [] []
[2022-10-12T21:30:17.375119+00:00] my_log.INFO: Duck created. [] []
[2022-10-12T21:30:44.973615+00:00] my_log.ERROR: error [] []
[2022-10-12T21:30:44.984550+00:00] my_log.INFO: info [] []
[2022-10-12T21:30:44.985340+00:00] my_log.DEBUG: debug [] []
[2022-10-12T21:30:44.985883+00:00] my_log.WARNING: warning [] []
[2022-10-12T21:30:44.988629+00:00] my_log.INFO: Duck created. [] []
[2022-10-12T21:30:44.989358+00:00] my_log.DEBUG: Quack() executed. [] []
[2022-10-12T21:30:44.990323+00:00] my_log.DEBUG: Quack() executed. [] []
[2022-10-12T21:30:44.990981+00:00] my_log.DEBUG: Quack() executed. [] []
